<?xml version="1.0" encoding="UTF-8"?>
<testsuite name="com.tlf.oss.resourceinventory.test.AllTests" time="0.784" tests="41" errors="0" skipped="0" failures="0">
  <properties>
[...]
</properties>
  <testcase name="run" classname="com.tlf.oss.resourceinventory.test.Vivo2ExecutionRulesTest$Determine" time="0.039"/>
  <testcase name="run" classname="com.tlf.oss.resourceinventory.test.Vivo2ExecutionRulesTest$Determine" time="0.012"/>
  <testcase name="run" classname="com.tlf.oss.resourceinventory.test.Vivo1ExecutionRulesTest$DetermineGponOfferEdition" time="0.021"/>
  <testcase name="run" classname="com.tlf.oss.resourceinventory.test.Vivo1ExecutionRulesTest$Reserve" time="0.019"/>
  <testcase name="run" classname="com.tlf.oss.resourceinventory.test.Vivo1ExecutionRulesTest$Release" time="0.017"/>
  <testcase name="run" classname="com.tlf.oss.resourceinventory.test.Vivo1ExecutionRulesTest$Allocate" time="0.019"/>
  <testcase name="run" classname="com.tlf.oss.resourceinventory.test.Vivo1ExecutionRulesTest$Deallocate" time="0.024"/>
  <testcase name="run" classname="com.tlf.oss.resourceinventory.test.Vivo1ExecutionRulesTest$DeallocateCPEACCESS" time="0.021"/>
  <testcase name="run" classname="com.tlf.oss.resourceinventory.test.Vivo1ExecutionRulesTest$DeallocateCPEVOIP" time="0.029"/>
  <testcase name="run" classname="com.tlf.oss.resourceinventory.test.Vivo1ExecutionRulesTest$DeallocateCPESTB" time="0.02"/>
  <testcase name="run" classname="com.tlf.oss.resourceinventory.test.Vivo1ExecutionRulesTest$Install" time="0.023"/>
  <testcase name="run" classname="com.tlf.oss.resourceinventory.test.Vivo1ExecutionRulesTest$InstallCPEACCESS" time="0.016"/>
  <testcase name="run" classname="com.tlf.oss.resourceinventory.test.Vivo1ExecutionRulesTest$InstallCPEVOIP" time="0.017"/>
  <testcase name="run" classname="com.tlf.oss.resourceinventory.test.Vivo1ExecutionRulesTest$InstallCPESTB" time="0.02"/>
  <testcase name="run" classname="com.tlf.oss.resourceinventory.test.Vivo1ExecutionRulesTest$Uninstall" time="0.017"/>
  <testcase name="run" classname="com.tlf.oss.resourceinventory.test.Vivo1ExecutionRulesTest$UninstallCPE" time="0.048"/>
  <testcase name="run" classname="com.tlf.oss.resourceinventory.test.Vivo2ExecutionRulesTest$RetrieveCustomer" time="0.025"/>
  <testcase name="run" classname="com.tlf.oss.resourceinventory.test.Vivo2ExecutionRulesTest$RetrieveCustomer" time="0.009"/>
  <testcase name="run" classname="com.tlf.oss.resourceinventory.test.Vivo1ExecutionRulesTest$RetrieveAddress" time="0.014"/>
  <testcase name="run" classname="com.tlf.oss.resourceinventory.test.Vivo1ExecutionRulesTest$RetrieveCustomerV2" time="0.013"/>
  <testcase name="run" classname="com.tlf.oss.resourceinventory.test.Vivo1ExecutionRulesTest$RetrieveAddress2" time="0.014"/>
  <testcase name="run" classname="com.tlf.oss.resourceinventory.test.Vivo1ExecutionRulesTest$RetrieveCPE" time="0.018"/>
  <testcase name="run" classname="com.tlf.oss.resourceinventory.test.Vivo1ExecutionRulesTest$ExternalInstall" time="0.021"/>
  <testcase name="run" classname="com.tlf.oss.resourceinventory.test.Vivo1ExecutionRulesTest$InternalInstall" time="0.017"/>
  <testcase name="run" classname="com.tlf.oss.resourceinventory.test.Vivo1ExecutionRulesTest$AllocateInternal" time="0.018"/>
  <testcase name="run" classname="com.tlf.oss.resourceinventory.test.Vivo1ExecutionRulesTest$AllocateExternal" time="0.019"/>
  <testcase name="run" classname="com.tlf.oss.resourceinventory.test.Vivo1ExecutionRulesTest$AllocateCPE1" time="0.023"/>
  <testcase name="run" classname="com.tlf.oss.resourceinventory.test.Vivo1ExecutionRulesTest$AllocateCPE2" time="0.016"/>
  <testcase name="run" classname="com.tlf.oss.resourceinventory.test.Vivo1ExecutionRulesTest$AllocateCPESTB" time="0.032"/>
  <testcase name="run" classname="com.tlf.oss.resourceinventory.test.Vivo1ExecutionRulesTest$DeallocateInternal" time="0.022"/>
  <testcase name="run" classname="com.tlf.oss.resourceinventory.test.Vivo1ExecutionRulesTest$DeallocateExternal" time="0.018"/>
  <testcase name="run" classname="com.tlf.oss.resourceinventory.test.Vivo1ExecutionRulesTest$UpdateCPE" time="0.024"/>
  <testcase name="run" classname="com.tlf.oss.resourceinventory.test.Vivo2ExecutionRulesTest$Install" time="0.018"/>
  <testcase name="run" classname="com.tlf.oss.resourceinventory.test.Vivo2ExecutionRulesTest$Reserve" time="0.012"/>
  <testcase name="run" classname="com.tlf.oss.resourceinventory.test.Vivo2ExecutionRulesTest$Allocate" time="0.013"/>
  <testcase name="run" classname="com.tlf.oss.resourceinventory.test.Vivo2ExecutionRulesTest$AllocateInternal" time="0.014"/>
  <testcase name="run" classname="com.tlf.oss.resourceinventory.test.Vivo2ExecutionRulesTest$DetermineResourceAvailabilityMetallic" time="0.019"/>
  <testcase name="run" classname="com.tlf.oss.resourceinventory.test.Vivo2ExecutionRulesTest$Release" time="0.023"/>
  <testcase name="run" classname="com.tlf.oss.resourceinventory.test.Vivo2ExecutionRulesTest$Release$Deallocate" time="0.01"/>
  <testcase name="run" classname="com.tlf.oss.resourceinventory.test.Vivo2ExecutionRulesTest$Release$Uninstall" time="0.013"/>
  <testcase name="run" classname="com.tlf.oss.resourceinventory.test.EquipmentExecutionRulesTest$Retrieve" time="0.018"/>
</testsuite>